<?xml version="1.0" encoding="UTF-8"?>
<!-- Generated by org.testng.reporters.JUnitReportReporter -->
<testsuite skipped="0" hostname="DESKTOP-QLKFNLE" name="com.qa.tests.ApiTesting1" tests="3" failures="0" timestamp="2020-06-04T09:02:04 GST" time="0.620" errors="0">
  <testcase name="validatedaPlaceId" time="0.613" classname="com.qa.tests.ApiTesting1"/>
  <system-out/>
  <testcase name="validatedateinquery" time="0.005" classname="com.qa.tests.ApiTesting1"/>
  <system-out/>
  <testcase name="validatetype" time="0.002" classname="com.qa.tests.ApiTesting1"/>
  <system-out/>
</testsuite> <!-- com.qa.tests.ApiTesting1 -->
